<?xml version="1.0" encoding="UTF-8"?>
<testsuite name="com.rifat.ApplicationTest" tests="1" skipped="0" failures="0" errors="0" timestamp="2021-12-29T22:48:47" hostname="LAPTOP-TNODK4SO" time="0.382">
  <properties/>
  <testcase name="testRoot" classname="com.rifat.ApplicationTest" time="0.382"/>
  <system-out><![CDATA[2022-12-29 22:48:47.914 [Test worker] INFO  ktor.test - Autoreload is disabled because the development mode is off.
2022-12-29 22:48:47.921 [Test worker] INFO  ktor.test - Application started in 0.062 seconds.
]]></system-out>
  <system-err><![CDATA[]]></system-err>
</testsuite>
